FILE_TYPE=LIBRARY_PARTS;
PRIMITIVE 'LM1117DT_3.3_NOPB','LM1117DT_3.3_NOPB_TO-XXX (Inc. DPAK)';
  PIN
    'ADJ/GND':
      PIN_NUMBER='(1)';
      NO_LOAD_CHECK=BOTH;
      NO_IO_CHECK=BOTH;
      ALLOW_CONNECT=TRUE;
      PINUSE='GROUND';
    'INPUT':
      PIN_NUMBER='(3)';
      NO_LOAD_CHECK=BOTH;
      NO_IO_CHECK=BOTH;
      ALLOW_CONNECT=TRUE;
      PINUSE='INPUT';
    'VOUT':
      PIN_NUMBER='(4)';
      NO_LOAD_CHECK=BOTH;
      NO_IO_CHECK=BOTH;
      ALLOW_CONNECT=TRUE;
      PINUSE='OUTPUT';
  END_PIN;
  BODY
    PART_NAME='LM1117DT_3.3_NOPB';
    PHYS_DES_PREFIX='IC';
    NO_LOAD_CHECK='TRUE';
    PIN_COUNT='3';
    BODY_NAME='LM1117DT_3.3_NOPB';
    JEDEC_TYPE='TO228P991X238-3N';
  END_BODY;
END_PRIMITIVE;
END.
